Arguments: 
  C:\Program Files\nodejs\node.exe C:\Program Files (x86)\Yarn\bin\yarn.js add electron-updater

PATH: 
  C:\Program Files (x86)\Common Files\Oracle\Java\javapath;C:\ProgramData\Oracle\Java\javapath;C:\Windows\system32;C:\Windows;C:\Windows\System32\Wbem;C:\Windows\System32\WindowsPowerShell\v1.0\;C:\Program Files (x86)\NVIDIA Corporation\PhysX\Common;C:\Program Files (x86)\Brackets\command;C:\Program Files\nodejs\;C:\Program Files (x86)\Yarn\bin\;C:\Users\Diego\AppData\Local\Yarn\bin;C:\Users\Diego\AppData\Local\hyper\app-2.0.0\resources\bin;C:\Users\Diego\AppData\Local\Programs\Microsoft VS Code\bin;C:\Users\Diego\AppData\Local\Programs\Git\cmd

Yarn version: 
  1.9.4

Node version: 
  8.11.4

Platform: 
  win32 x64

Trace: 
  Error: https://registry.yarnpkg.com/caniuse-lite/-/caniuse-lite-1.0.30000885.tgz: ESOCKETTIMEDOUT
      at ClientRequest.<anonymous> (C:\Program Files (x86)\Yarn\lib\cli.js:138095:19)
      at Object.onceWrapper (events.js:313:30)
      at emitNone (events.js:106:13)
      at ClientRequest.emit (events.js:208:7)
      at TLSSocket.emitTimeout (_http_client.js:706:34)
      at Object.onceWrapper (events.js:313:30)
      at emitNone (events.js:106:13)
      at TLSSocket.emit (events.js:208:7)
      at TLSSocket.Socket._onTimeout (net.js:410:8)
      at ontimeout (timers.js:498:11)

npm manifest: 
  {
    "name": "oxyrest",
    "version": "0.0.0",
    "author": "Diego Segovia <segoviadiegomatias@gmail.com>",
    "description": "Programa para la administración de negocios.",
    "license": null,
    "main": "./dist/electron/main.js",
    "scripts": {
      "build": "node .electron-vue/build.js && electron-builder",
      "build:dir": "node .electron-vue/build.js && electron-builder --dir --ia32",
      "build:clean": "cross-env BUILD_TARGET=clean node .electron-vue/build.js",
      "build:web": "cross-env BUILD_TARGET=web node .electron-vue/build.js",
      "dev": "node .electron-vue/dev-runner.js",
      "e2e": "npm run pack && mocha test/e2e",
      "lint": "eslint --ext .js,.vue -f ./node_modules/eslint-friendly-formatter src test",
      "lint:fix": "eslint --ext .js,.vue -f ./node_modules/eslint-friendly-formatter --fix src test",
      "pack": "npm run pack:main && npm run pack:renderer",
      "pack:main": "cross-env NODE_ENV=production webpack --progress --colors --config .electron-vue/webpack.main.config.js",
      "pack:renderer": "cross-env NODE_ENV=production webpack --progress --colors --config .electron-vue/webpack.renderer.config.js",
      "test": "npm run unit && npm run e2e",
      "unit": "karma start test/unit/karma.conf.js",
      "postinstall": "npm run lint:fix"
    },
    "build": {
      "productName": "oxyrest",
      "appId": "org.simulatedgreg.electron-vue",
      "directories": {
        "output": "build"
      },
      "files": [
        "dist/electron/**/*"
      ],
      "dmg": {
        "contents": [
          {
            "x": 410,
            "y": 150,
            "type": "link",
            "path": "/Applications"
          },
          {
            "x": 130,
            "y": 150,
            "type": "file"
          }
        ]
      },
      "mac": {
        "icon": "build/icons/icon.icns"
      },
      "win": {
        "icon": "build/icons/icon.ico"
      },
      "linux": {
        "icon": "build/icons"
      }
    },
    "dependencies": {
      "@fortawesome/fontawesome-svg-core": "^1.2.4",
      "@fortawesome/free-solid-svg-icons": "^5.3.1",
      "@fortawesome/vue-fontawesome": "^0.1.1",
      "@types/nedb": "^1.8.5",
      "axios": "^0.16.1",
      "lato-font": "^3.0.0",
      "material-design-icons": "^3.0.1",
      "nedb": "^1.8.0",
      "node-firebird": "^0.8.6",
      "pdfmake": "^0.1.37",
      "typeface-roboto": "^0.0.54",
      "vue": "^2.3.3",
      "vue-electron": "^1.0.6",
      "vue-material": "^1.0.0-beta-10.2",
      "vue-router": "^2.5.3",
      "vuex": "^2.3.1"
    },
    "devDependencies": {
      "babel-core": "^6.25.0",
      "babel-eslint": "^7.2.3",
      "babel-loader": "^7.1.1",
      "babel-plugin-istanbul": "^4.1.1",
      "babel-plugin-transform-runtime": "^6.23.0",
      "babel-preset-env": "^1.6.0",
      "babel-preset-stage-0": "^6.24.1",
      "babel-register": "^6.24.1",
      "babili-webpack-plugin": "^0.1.2",
      "cfonts": "^1.1.3",
      "chai": "^4.0.0",
      "chalk": "^2.1.0",
      "copy-webpack-plugin": "^4.0.1",
      "cross-env": "^5.0.5",
      "css-loader": "^0.28.4",
      "del": "^3.0.0",
      "devtron": "^1.4.0",
      "electron": "^1.7.5",
      "electron-builder": "^19.19.1",
      "electron-debug": "^1.4.0",
      "electron-devtools-installer": "^2.2.0",
      "eslint": "^4.4.1",
      "eslint-config-airbnb-base": "^11.2.0",
      "eslint-config-prettier": "^2.9.0",
      "eslint-friendly-formatter": "^3.0.0",
      "eslint-import-resolver-webpack": "^0.8.1",
      "eslint-loader": "^1.9.0",
      "eslint-plugin-html": "^3.1.1",
      "eslint-plugin-import": "^2.2.0",
      "eslint-plugin-prettier": "^2.6.2",
      "extract-text-webpack-plugin": "^3.0.0",
      "file-loader": "^0.11.2",
      "html-webpack-plugin": "^2.30.1",
      "inject-loader": "^3.0.0",
      "karma": "^1.3.0",
      "karma-chai": "^0.1.0",
      "karma-coverage": "^1.1.1",
      "karma-electron": "^5.1.1",
      "karma-mocha": "^1.2.0",
      "karma-sourcemap-loader": "^0.3.7",
      "karma-spec-reporter": "^0.0.31",
      "karma-webpack": "^2.0.1",
      "mocha": "^3.0.2",
      "multispinner": "^0.2.1",
      "node-loader": "^0.6.0",
      "node-sass": "^4.9.3",
      "require-dir": "^0.3.0",
      "sass-loader": "^7.1.0",
      "spectron": "^3.7.1",
      "style-loader": "^0.18.2",
      "url-loader": "^0.5.9",
      "vue-html-loader": "^1.2.4",
      "vue-loader": "^13.0.5",
      "vue-style-loader": "^3.0.1",
      "vue-template-compiler": "^2.4.2",
      "webpack": "^3.5.2",
      "webpack-dev-server": "^2.7.1",
      "webpack-hot-middleware": "^2.18.2",
      "webpack-merge": "^4.1.0"
    }
  }

yarn manifest: 
  No manifest

Lockfile: 
  No lockfile
